<?xml version="1.0" encoding="UTF-8" ?>
<testsuite tests="3" failures="0" name="org.apache.commons.org.apache.commons.math3.distribution.UniformIntegerDistributionTest" time="0.018" errors="0" skipped="0">
  <properties>
    <property name="idea.version" value="2022.1"/>
    <property name="java.runtime.name" value="OpenJDK Runtime Environment"/>
    <property name="sun.boot.library.path" value="C:\Users\86180\.jdks\corretto-1.8.0_332\jre\bin"/>
    <property name="java.vm.version" value="25.332-b08"/>
    <property name="java.vm.vendor" value="Amazon.com Inc."/>
    <property name="maven.multiModuleProjectDirectory" value="C:\Users\86180\Desktop\学生管理系统\untitled"/>
    <property name="java.vendor.url" value="https://aws.amazon.com/corretto/"/>
    <property name="path.separator" value=";"/>
    <property name="guice.disable.misplaced.annotation.check" value="true"/>
    <property name="java.vm.name" value="OpenJDK 64-Bit Server VM"/>
    <property name="file.encoding.pkg" value="sun.io"/>
    <property name="user.script" value=""/>
    <property name="user.country" value="CN"/>
    <property name="sun.java.launcher" value="SUN_STANDARD"/>
    <property name="sun.os.patch.level" value=""/>
    <property name="java.vm.specification.name" value="Java Virtual Machine Specification"/>
    <property name="user.dir" value="C:\Users\86180\Desktop\学生管理系统\untitled"/>
    <property name="java.runtime.version" value="1.8.0_332-b08"/>
    <property name="java.awt.graphicsenv" value="sun.awt.Win32GraphicsEnvironment"/>
    <property name="java.endorsed.dirs" value="C:\Users\86180\.jdks\corretto-1.8.0_332\jre\lib\endorsed"/>
    <property name="os.arch" value="amd64"/>
    <property name="java.io.tmpdir" value="C:\Users\86180\AppData\Local\Temp\"/>
    <property name="line.separator" value="
"/>
    <property name="java.vm.specification.vendor" value="Oracle Corporation"/>
    <property name="user.variant" value=""/>
    <property name="os.name" value="Windows 10"/>
    <property name="maven.ext.class.path" value="D:\IntelliJ IDEA 2022.1\plugins\maven\lib\maven-event-listener.jar"/>
    <property name="classworlds.conf" value="D:\IntelliJ IDEA 2022.1\plugins\maven\lib\maven3\bin\m2.conf"/>
    <property name="sun.jnu.encoding" value="GBK"/>
    <property name="java.library.path" value="C:\Users\86180\.jdks\corretto-1.8.0_332\bin;C:\WINDOWS\Sun\Java\bin;C:\WINDOWS\system32;C:\WINDOWS;C:\Program Files\Common Files\Oracle\Java\javapath;C:\Program Files (x86)\VMware\VMware Workstation\bin\;C:\Windows\system32;C:\Windows;C:\Windows\System32\Wbem;C:\Windows\System32\WindowsPowerShell\v1.0\;C:\Windows\System32\OpenSSH\;C:\Program Files (x86)\NVIDIA Corporation\PhysX\Common;C:\Program Files\NVIDIA Corporation\NVIDIA NvDLISR;C:\Program Files\dotnet\;C:\WINDOWS\system32;C:\WINDOWS;C:\WINDOWS\System32\Wbem;C:\WINDOWS\System32\WindowsPowerShell\v1.0\;C:\WINDOWS\System32\OpenSSH\;C:\Program Files\Git\cmd;D:\putty\;C:\Program Files\nodejs\;C:\x86_64-8.1.0-release-win32-seh-rt_v6-rev0\mingw64\bin;C:\Users\86180\AppData\Local\Programs\Python\Python38\Scripts\chromedriver.exe;D:\mysql-8.0.31-winx64\bin;D:\Anaconda2;D:\Anaconda2\Library\mingw-w64\bin;D:\Anaconda2\Library\usr\bin;D:\Anaconda2\Library\bin;D:\Anaconda2\Scripts;C:\Users\86180\AppData\Local\Programs\Python\Python38\Scripts\;C:\Users\86180\AppData\Local\Programs\Python\Python38\;C:\Users\86180\AppData\Local\Microsoft\WindowsApps;C:\Users\86180\.dotnet\tools;C:\Program Files\JetBrains\PyCharm Community Edition 2020.3.4\bin;;D:\IntelliJ IDEA Community Edition 2021.3.2\bin;;C:\Users\86180\AppData\Roaming\npm;C:\Users\86180\AppData\Local\Programs\Microsoft VS Code\bin;C:\x86_64-8.1.0-release-win32-seh-rt_v6-rev0\mingw64\bin;;."/>
    <property name="maven.conf" value="D:\IntelliJ IDEA 2022.1\plugins\maven\lib\maven3/conf"/>
    <property name="java.specification.name" value="Java Platform API Specification"/>
    <property name="java.class.version" value="52.0"/>
    <property name="sun.management.compiler" value="HotSpot 64-Bit Tiered Compilers"/>
    <property name="os.version" value="10.0"/>
    <property name="user.home" value="C:\Users\86180"/>
    <property name="user.timezone" value="Asia/Shanghai"/>
    <property name="java.awt.printerjob" value="sun.awt.windows.WPrinterJob"/>
    <property name="java.specification.version" value="1.8"/>
    <property name="file.encoding" value="UTF-8"/>
    <property name="user.name" value="86180"/>
    <property name="java.class.path" value="D:\IntelliJ IDEA 2022.1\plugins\maven\lib\maven3\boot\plexus-classworlds-2.6.0.jar;D:\IntelliJ IDEA 2022.1\plugins\maven\lib\maven3\boot\plexus-classworlds.license;D:\IntelliJ IDEA 2022.1\lib\idea_rt.jar"/>
    <property name="java.vm.specification.version" value="1.8"/>
    <property name="sun.arch.data.model" value="64"/>
    <property name="java.home" value="C:\Users\86180\.jdks\corretto-1.8.0_332\jre"/>
    <property name="sun.java.command" value="org.codehaus.classworlds.Launcher -Didea.version=2022.1"/>
    <property name="java.specification.vendor" value="Oracle Corporation"/>
    <property name="user.language" value="zh"/>
    <property name="awt.toolkit" value="sun.awt.windows.WToolkit"/>
    <property name="java.vm.info" value="mixed mode"/>
    <property name="java.version" value="1.8.0_332"/>
    <property name="java.ext.dirs" value="C:\Users\86180\.jdks\corretto-1.8.0_332\jre\lib\ext;C:\WINDOWS\Sun\Java\lib\ext"/>
    <property name="sun.boot.class.path" value="C:\Users\86180\.jdks\corretto-1.8.0_332\jre\lib\resources.jar;C:\Users\86180\.jdks\corretto-1.8.0_332\jre\lib\rt.jar;C:\Users\86180\.jdks\corretto-1.8.0_332\jre\lib\sunrsasign.jar;C:\Users\86180\.jdks\corretto-1.8.0_332\jre\lib\jsse.jar;C:\Users\86180\.jdks\corretto-1.8.0_332\jre\lib\jce.jar;C:\Users\86180\.jdks\corretto-1.8.0_332\jre\lib\charsets.jar;C:\Users\86180\.jdks\corretto-1.8.0_332\jre\lib\jfr.jar;C:\Users\86180\.jdks\corretto-1.8.0_332\jre\classes"/>
    <property name="java.vendor" value="Amazon.com Inc."/>
    <property name="maven.home" value="D:\IntelliJ IDEA 2022.1\plugins\maven\lib\maven3"/>
    <property name="file.separator" value="\"/>
    <property name="java.vendor.url.bug" value="https://github.com/corretto/corretto-8/issues/"/>
    <property name="sun.cpu.endian" value="little"/>
    <property name="sun.io.unicode.encoding" value="UnicodeLittle"/>
    <property name="sun.desktop" value="windows"/>
    <property name="sun.cpu.isalist" value="amd64"/>
  </properties>
  <testcase classname="org.apache.commons.org.apache.commons.math3.distribution.UniformIntegerDistributionTest" name="cumulativeProbability1" time="0.018"/>
  <testcase classname="org.apache.commons.org.apache.commons.math3.distribution.UniformIntegerDistributionTest" name="cumulativeProbability2" time="0"/>
  <testcase classname="org.apache.commons.org.apache.commons.math3.distribution.UniformIntegerDistributionTest" name="cumulativeProbability3" time="0"/>
</testsuite>